Using pre-set license
Built from '2020.2/release' branch; Version is '2020.2.2f1 (068178b99f32) revision 426360'; Using compiler version '192528614'; Build Type 'Release'
OS: 'Windows 10 Home; OS build 19042.1052; Version 2009; 64bit' Language: 'en' Physical Memory: 16122 MB
BatchMode: 1, IsHumanControllingUs: 0, StartBugReporterOnCrash: 0, Is64bit: 1, IsPro: 0

 COMMAND LINE ARGUMENTS:
C:\Program Files\Unity\Hub\Editor\2020.2.2f1\Editor\Unity.exe
-adb2
-batchMode
-noUpm
-name
AssetImportWorker0
-projectPath
C:/Users/piehu/Documents/GitHub/LucasAIProject3AdvAI
-logFile
Logs/AssetImportWorker0.log
-srvPort
52383
Successfully changed project path to: C:/Users/piehu/Documents/GitHub/LucasAIProject3AdvAI
C:/Users/piehu/Documents/GitHub/LucasAIProject3AdvAI
Using Asset Import Pipeline V2.
Refreshing native plugins compatible for Editor in 26.78 ms, found 0 plugins.
Preloading 0 native plugins for Editor in 0.00 ms.
Initialize engine version: 2020.2.2f1 (068178b99f32)
[Subsystems] Discovering subsystems at path C:/Program Files/Unity/Hub/Editor/2020.2.2f1/Editor/Data/Resources/UnitySubsystems
[Subsystems] Discovering subsystems at path C:/Users/piehu/Documents/GitHub/LucasAIProject3AdvAI/Assets
GfxDevice: creating device client; threaded=0
Direct3D:
    Version:  Direct3D 11.0 [level 11.1]
    Renderer: NVIDIA GeForce GTX 1650 Ti with Max-Q Design (ID=0x1f95)
    Vendor:   
    VRAM:     3962 MB
    Driver:   27.21.14.6647
Initialize mono
Mono path[0] = 'C:/Program Files/Unity/Hub/Editor/2020.2.2f1/Editor/Data/Managed'
Mono path[1] = 'C:/Program Files/Unity/Hub/Editor/2020.2.2f1/Editor/Data/MonoBleedingEdge/lib/mono/unityjit'
Mono config path = 'C:/Program Files/Unity/Hub/Editor/2020.2.2f1/Editor/Data/MonoBleedingEdge/etc'
Using monoOptions --debugger-agent=transport=dt_socket,embedding=1,server=y,suspend=n,address=127.0.0.1:56980
Begin MonoManager ReloadAssembly
Registering precompiled unity dll's ...
Register platform support module: C:/Program Files/Unity/Hub/Editor/2020.2.2f1/Editor/Data/PlaybackEngines/WindowsStandaloneSupport/UnityEditor.WindowsStandalone.Extensions.dll
Registered in 0.001740 seconds.
Native extension for WindowsStandalone target not found
Refreshing native plugins compatible for Editor in 26.67 ms, found 0 plugins.
Preloading 0 native plugins for Editor in 0.00 ms.
Invoked RoslynAnalysisRunner static constructor.
RoslynAnalysisRunner will not be running.
RoslynAnalysisRunner has terminated.
Mono: successfully reloaded assembly
- Completed reload, in  0.993 seconds
Platform modules already initialized, skipping
Registering precompiled user dll's ...
Registered in 0.000657 seconds.
Begin MonoManager ReloadAssembly
Native extension for WindowsStandalone target not found
Refreshing native plugins compatible for Editor in 0.23 ms, found 0 plugins.
Preloading 0 native plugins for Editor in 0.00 ms.
Invoked RoslynAnalysisRunner static constructor.
RoslynAnalysisRunner will not be running.
RoslynAnalysisRunner has terminated.
Mono: successfully reloaded assembly
- Completed reload, in  0.730 seconds
Platform modules already initialized, skipping
========================================================================
Worker process is ready to serve import requests
Launched and connected shader compiler UnityShaderCompiler.exe after 0.07 seconds
Refreshing native plugins compatible for Editor in 0.26 ms, found 0 plugins.
Preloading 0 native plugins for Editor in 0.00 ms.
Unloading 1194 Unused Serialized files (Serialized files now loaded: 0)
System memory in use before: 65.2 MB.
System memory in use after: 65.2 MB.

Unloading 10 unused Assets to reduce memory usage. Loaded Objects now: 1638.
Total: 1.616800 ms (FindLiveObjects: 0.130400 ms CreateObjectMapping: 0.039300 ms MarkObjects: 1.353000 ms  DeleteObjects: 0.093000 ms)

========================================================================
Received Import Request.
  path: Assets/Scenes
  artifactKey: Guid(d9aecded9f2d1d740a71f4a3f2a4d7d3) Importer(815301076,1909f56bfc062723c751e8b465ee728b)
Start importing Assets/Scenes using Guid(d9aecded9f2d1d740a71f4a3f2a4d7d3) Importer(815301076,1909f56bfc062723c751e8b465ee728b)  -> (artifact id: '9123113c1d3f9851aaead598cffe6584') in 0.008459 seconds
  Import took 0.010382 seconds .

========================================================================
Received Import Request.
  Time since last request: 0.000178 seconds.
  path: Assets/Scenes/SampleScene.unity
  artifactKey: Guid(9fc0d4010bbf28b4594072e72b8655ab) Importer(815301076,1909f56bfc062723c751e8b465ee728b)
Start importing Assets/Scenes/SampleScene.unity using Guid(9fc0d4010bbf28b4594072e72b8655ab) Importer(815301076,1909f56bfc062723c751e8b465ee728b)  -> (artifact id: '9831e44e2a700a6e1119228b2d38e767') in 0.013919 seconds
  Import took 0.015706 seconds .

========================================================================
Received Import Request.
  Time since last request: 14.767596 seconds.
  path: Assets/Designing AI
  artifactKey: Guid(b5af881f9d1af9746b8c9758cfc59def) Importer(815301076,1909f56bfc062723c751e8b465ee728b)
Start importing Assets/Designing AI using Guid(b5af881f9d1af9746b8c9758cfc59def) Importer(815301076,1909f56bfc062723c751e8b465ee728b)  -> (artifact id: '964ba5e68b0eded059a9e0e8456f386c') in 0.007845 seconds
  Import took 0.010129 seconds .

========================================================================
Received Import Request.
  Time since last request: 1.157479 seconds.
  path: Assets/Designing AI/Animations
  artifactKey: Guid(c950a6f726e9a8e46884c0458b8bb4b7) Importer(815301076,1909f56bfc062723c751e8b465ee728b)
Start importing Assets/Designing AI/Animations using Guid(c950a6f726e9a8e46884c0458b8bb4b7) Importer(815301076,1909f56bfc062723c751e8b465ee728b)  -> (artifact id: '67641b4f10eed003712825b7f97333be') in 0.008700 seconds
  Import took 0.010993 seconds .

========================================================================
Received Import Request.
  Time since last request: 1.361551 seconds.
  path: Assets/Designing AI/Scenes
  artifactKey: Guid(ed3c649b16394d44cb85f983120554fa) Importer(815301076,1909f56bfc062723c751e8b465ee728b)
Start importing Assets/Designing AI/Scenes using Guid(ed3c649b16394d44cb85f983120554fa) Importer(815301076,1909f56bfc062723c751e8b465ee728b)  -> (artifact id: 'bea7ecd2e0b9b85e940a251ff9d6553b') in 0.002388 seconds
  Import took 0.004223 seconds .

========================================================================
Received Import Request.
  Time since last request: 1.474551 seconds.
  path: Assets/Designing AI/Scenes/Main Menu.unity
  artifactKey: Guid(3715fb0e02451f54089a0532a2add548) Importer(815301076,1909f56bfc062723c751e8b465ee728b)
Start importing Assets/Designing AI/Scenes/Main Menu.unity using Guid(3715fb0e02451f54089a0532a2add548) Importer(815301076,1909f56bfc062723c751e8b465ee728b)  -> (artifact id: '504c2822889f944260f628a6be900f74') in 0.010763 seconds
  Import took 0.012865 seconds .

========================================================================
Received Import Request.
  Time since last request: 3.926185 seconds.
  path: Assets/Designing AI/Scenes/Game.unity
  artifactKey: Guid(9dcd14dac1292c949b92fa062bee5dfb) Importer(815301076,1909f56bfc062723c751e8b465ee728b)
Start importing Assets/Designing AI/Scenes/Game.unity using Guid(9dcd14dac1292c949b92fa062bee5dfb) Importer(815301076,1909f56bfc062723c751e8b465ee728b)  -> (artifact id: '197bf3a5c57c9c1e0debd09988b8dfa7') in 0.008435 seconds
  Import took 0.010648 seconds .

========================================================================
Received Import Request.
  Time since last request: 1119.111992 seconds.
  path: Assets/Fantasy Skybox
  artifactKey: Guid(d3f3b7f4175c1634f8eda00c970c4a00) Importer(815301076,1909f56bfc062723c751e8b465ee728b)
Start importing Assets/Fantasy Skybox using Guid(d3f3b7f4175c1634f8eda00c970c4a00) Importer(815301076,1909f56bfc062723c751e8b465ee728b)  -> (artifact id: '740fb5fdc1781ee05f788b8cbff20fbc') in 0.008559 seconds
  Import took 0.011689 seconds .

========================================================================
Received Import Request.
  Time since last request: 6.828067 seconds.
  path: Assets/Gizmos
  artifactKey: Guid(93b9715f5a4bf471c8154f6cbab7e94d) Importer(815301076,1909f56bfc062723c751e8b465ee728b)
Start importing Assets/Gizmos using Guid(93b9715f5a4bf471c8154f6cbab7e94d) Importer(815301076,1909f56bfc062723c751e8b465ee728b)  -> (artifact id: '08c3e48656625b7322990fa4d7e87fdb') in 0.008176 seconds
  Import took 0.010533 seconds .

========================================================================
Received Import Request.
  Time since last request: 2.763218 seconds.
  path: Assets/Fantasy Skybox/Materials
  artifactKey: Guid(e0454b514da2ecd429e000f40050d4fa) Importer(815301076,1909f56bfc062723c751e8b465ee728b)
Start importing Assets/Fantasy Skybox/Materials using Guid(e0454b514da2ecd429e000f40050d4fa) Importer(815301076,1909f56bfc062723c751e8b465ee728b)  -> (artifact id: '1cd5f8ce90849d353105dafc2be6dbea') in 0.009138 seconds
  Import took 0.011138 seconds .

========================================================================
Received Import Request.
  Time since last request: 1.656645 seconds.
  path: Assets/Fantasy Skybox/Scenes
  artifactKey: Guid(9d20d945c0685494ba906e939e1dd86f) Importer(815301076,1909f56bfc062723c751e8b465ee728b)
Start importing Assets/Fantasy Skybox/Scenes using Guid(9d20d945c0685494ba906e939e1dd86f) Importer(815301076,1909f56bfc062723c751e8b465ee728b)  -> (artifact id: '65321419fc4acef30b6a7199e2c3814b') in 0.003179 seconds
  Import took 0.005169 seconds .

========================================================================
Received Import Request.
  Time since last request: 1.150691 seconds.
  path: Assets/Fantasy Skybox/Scenes/Brush_Flower.png
  artifactKey: Guid(0d383f0cd0395064eb4b64619b2840f3) Importer(815301076,1909f56bfc062723c751e8b465ee728b)
Start importing Assets/Fantasy Skybox/Scenes/Brush_Flower.png using Guid(0d383f0cd0395064eb4b64619b2840f3) Importer(815301076,1909f56bfc062723c751e8b465ee728b)  -> (artifact id: 'f6c69e9c6dd3491152431a77cb66a742') in 0.165916 seconds
  Import took 0.168203 seconds .

========================================================================
Received Import Request.
  Time since last request: 0.000195 seconds.
  path: Assets/Fantasy Skybox/Scenes/Texture_Dirt_Normal.png
  artifactKey: Guid(6372a4abc4700ef4aad94d04602e89bf) Importer(815301076,1909f56bfc062723c751e8b465ee728b)
Start importing Assets/Fantasy Skybox/Scenes/Texture_Dirt_Normal.png using Guid(6372a4abc4700ef4aad94d04602e89bf) Importer(815301076,1909f56bfc062723c751e8b465ee728b)  -> (artifact id: 'a5688510b6d9156a610f5681e0544da7') in 0.053904 seconds
  Import took 0.056213 seconds .

========================================================================
Received Import Request.
  Time since last request: 0.000255 seconds.
  path: Assets/Fantasy Skybox/Scenes/Texture_Grass_Normal.png
  artifactKey: Guid(69e10fcec9984ba4f839a5693383c57e) Importer(815301076,1909f56bfc062723c751e8b465ee728b)
Start importing Assets/Fantasy Skybox/Scenes/Texture_Grass_Normal.png using Guid(69e10fcec9984ba4f839a5693383c57e) Importer(815301076,1909f56bfc062723c751e8b465ee728b)  -> (artifact id: '87b528f22ee8a7f5c80bd0f2a2d52ab1') in 0.022702 seconds
  Import took 0.025984 seconds .

========================================================================
Received Import Request.
  Time since last request: 0.000223 seconds.
  path: Assets/Fantasy Skybox/Scenes/Texture_Grass_Diffuse.png
  artifactKey: Guid(5e1acf362611957488060eee4178b3f3) Importer(815301076,1909f56bfc062723c751e8b465ee728b)
Start importing Assets/Fantasy Skybox/Scenes/Texture_Grass_Diffuse.png using Guid(5e1acf362611957488060eee4178b3f3) Importer(815301076,1909f56bfc062723c751e8b465ee728b)  -> (artifact id: 'a453407cf380d460e7a1e0505a3fec0b') in 0.023303 seconds
  Import took 0.026917 seconds .

========================================================================
Received Import Request.
  Time since last request: 0.000241 seconds.
  path: Assets/Fantasy Skybox/Scenes/Texture_Rock_Diffuse.png
  artifactKey: Guid(5749f76eaefd4464d864cb20ae8451aa) Importer(815301076,1909f56bfc062723c751e8b465ee728b)
Start importing Assets/Fantasy Skybox/Scenes/Texture_Rock_Diffuse.png using Guid(5749f76eaefd4464d864cb20ae8451aa) Importer(815301076,1909f56bfc062723c751e8b465ee728b)  -> (artifact id: 'fe0491ba277e7060c005a58cecbb7ef1') in 0.022018 seconds
  Import took 0.025597 seconds .

========================================================================
Received Import Request.
  Time since last request: 0.000344 seconds.
  path: Assets/Fantasy Skybox/Scenes/Brush_Grass_02.png
  artifactKey: Guid(5d4b367f0702b4b46a16ba3b67281419) Importer(815301076,1909f56bfc062723c751e8b465ee728b)
Start importing Assets/Fantasy Skybox/Scenes/Brush_Grass_02.png using Guid(5d4b367f0702b4b46a16ba3b67281419) Importer(815301076,1909f56bfc062723c751e8b465ee728b)  -> (artifact id: '83b7497ee6c81467950d4d8499349bd0') in 0.021150 seconds
  Import took 0.023985 seconds .

========================================================================
Received Import Request.
  Time since last request: 0.000377 seconds.
  path: Assets/Fantasy Skybox/Scenes/TerrainRock.terrainlayer
  artifactKey: Guid(ca948470117be2143a600fa882a2b77a) Importer(815301076,1909f56bfc062723c751e8b465ee728b)
Start importing Assets/Fantasy Skybox/Scenes/TerrainRock.terrainlayer using Guid(ca948470117be2143a600fa882a2b77a) Importer(815301076,1909f56bfc062723c751e8b465ee728b)  -> (artifact id: '64d9e751b9e3bf31c38cd3c67571664e') in 0.046608 seconds
  Import took 0.049684 seconds .

========================================================================
Received Import Request.
  Time since last request: 0.000248 seconds.
  path: Assets/Fantasy Skybox/Scenes/SampleTerrain.asset
  artifactKey: Guid(053158c74390f9e4eb2fbfb90564a82e) Importer(815301076,1909f56bfc062723c751e8b465ee728b)
Start importing Assets/Fantasy Skybox/Scenes/SampleTerrain.asset using Guid(053158c74390f9e4eb2fbfb90564a82e) Importer(815301076,1909f56bfc062723c751e8b465ee728b)  -> (artifact id: '34ffffbe754f65f775526650ec1f8d2a') in 0.193115 seconds
  Import took 0.201196 seconds .

========================================================================
Received Import Request.
  Time since last request: 0.000261 seconds.
  path: Assets/Fantasy Skybox/Scenes/TerrainDirt.terrainlayer
  artifactKey: Guid(d62e27a62f70e074eba77bbd9259e732) Importer(815301076,1909f56bfc062723c751e8b465ee728b)
Start importing Assets/Fantasy Skybox/Scenes/TerrainDirt.terrainlayer using Guid(d62e27a62f70e074eba77bbd9259e732) Importer(815301076,1909f56bfc062723c751e8b465ee728b)  -> (artifact id: '48c0873ce33c67927742bd043beb835b') in 0.026685 seconds
  Import took 0.030930 seconds .

========================================================================
Received Import Request.
  Time since last request: 0.000350 seconds.
  path: Assets/Fantasy Skybox/Scenes/Brush_Grass_01.png
  artifactKey: Guid(e3970f24555e12a46b75cdf5140ff23e) Importer(815301076,1909f56bfc062723c751e8b465ee728b)
Start importing Assets/Fantasy Skybox/Scenes/Brush_Grass_01.png using Guid(e3970f24555e12a46b75cdf5140ff23e) Importer(815301076,1909f56bfc062723c751e8b465ee728b)  -> (artifact id: '30a3dc85d86ebc749a0bb9d04b4e48d7') in 0.025988 seconds
  Import took 0.029666 seconds .

========================================================================
Received Import Request.
  Time since last request: 0.000322 seconds.
  path: Assets/Fantasy Skybox/Scenes/Texure_Rock_Normal.png
  artifactKey: Guid(758b1fc63752a1e44957111d5af9b00c) Importer(815301076,1909f56bfc062723c751e8b465ee728b)
Start importing Assets/Fantasy Skybox/Scenes/Texure_Rock_Normal.png using Guid(758b1fc63752a1e44957111d5af9b00c) Importer(815301076,1909f56bfc062723c751e8b465ee728b)  -> (artifact id: '21d01a3d508531f2ae0f5850e18fd2bd') in 0.028456 seconds
  Import took 0.033662 seconds .

========================================================================
Received Import Request.
  Time since last request: 0.000367 seconds.
  path: Assets/Fantasy Skybox/Scenes/TerrainGrass.terrainlayer
  artifactKey: Guid(adb6478a7f24de14eb356d6dc3d0c502) Importer(815301076,1909f56bfc062723c751e8b465ee728b)
Start importing Assets/Fantasy Skybox/Scenes/TerrainGrass.terrainlayer using Guid(adb6478a7f24de14eb356d6dc3d0c502) Importer(815301076,1909f56bfc062723c751e8b465ee728b)  -> (artifact id: '731e6a77371eb806a0c7c0332c9b1981') in 0.031347 seconds
  Import took 0.035199 seconds .

========================================================================
Received Import Request.
  Time since last request: 0.000250 seconds.
  path: Assets/Fantasy Skybox/Scenes/Texture_Dirt_Diffuse.png
  artifactKey: Guid(37d1938c74868484ea08b34225eb73b7) Importer(815301076,1909f56bfc062723c751e8b465ee728b)
Start importing Assets/Fantasy Skybox/Scenes/Texture_Dirt_Diffuse.png using Guid(37d1938c74868484ea08b34225eb73b7) Importer(815301076,1909f56bfc062723c751e8b465ee728b)  -> (artifact id: 'f236e7f7b520eca4861393f9b57040f8') in 0.027364 seconds
  Import took 0.030512 seconds .

========================================================================
Received Import Request.
  Time since last request: 11.031321 seconds.
  path: Assets/Fantasy Skybox/Readme.txt
  artifactKey: Guid(53399a9960b4d94419f1b8fa47c146b7) Importer(815301076,1909f56bfc062723c751e8b465ee728b)
Start importing Assets/Fantasy Skybox/Readme.txt using Guid(53399a9960b4d94419f1b8fa47c146b7) Importer(815301076,1909f56bfc062723c751e8b465ee728b)  -> (artifact id: '20c98487da97ee126efa2428caf1683d') in 0.010939 seconds
  Import took 0.013594 seconds .

========================================================================
Received Prepare
Registering precompiled user dll's ...
Registered in 0.001543 seconds.
Begin MonoManager ReloadAssembly
Native extension for WindowsStandalone target not found
Refreshing native plugins compatible for Editor in 0.62 ms, found 0 plugins.
Preloading 0 native plugins for Editor in 0.00 ms.
Warning: Annotation not found!
UnityEngine.StackTraceUtility:ExtractStackTrace ()
UnityEditor.ProBuilder.EditorUtility:SetGizmoIconEnabled (System.Type,bool) (at Library/PackageCache/com.unity.probuilder@4.4.0/Editor/EditorCore/EditorUtility.cs:593)
UnityEditor.ProBuilder.HierarchyListener:.cctor () (at Library/PackageCache/com.unity.probuilder@4.4.0/Editor/EditorCore/HierarchyListener.cs:21)
System.Runtime.CompilerServices.RuntimeHelpers:RunClassConstructor (System.RuntimeTypeHandle)
UnityEditor.EditorAssemblies:ProcessInitializeOnLoadAttributes (System.Type[])

[Library/PackageCache/com.unity.probuilder@4.4.0/Editor/EditorCore/EditorUtility.cs line 593]

Invoked RoslynAnalysisRunner static constructor.
RoslynAnalysisRunner will not be running.
RoslynAnalysisRunner has terminated.
Mono: successfully reloaded assembly
- Completed reload, in  1.557 seconds
Platform modules already initialized, skipping
Refreshing native plugins compatible for Editor in 0.41 ms, found 0 plugins.
Preloading 0 native plugins for Editor in 0.00 ms.
Unloading 1525 Unused Serialized files (Serialized files now loaded: 0)
System memory in use before: 82.1 MB.
System memory in use after: 79.8 MB.

Unloading 30 unused Assets to reduce memory usage. Loaded Objects now: 1986.
Total: 4.662400 ms (FindLiveObjects: 0.215200 ms CreateObjectMapping: 0.060800 ms MarkObjects: 2.175600 ms  DeleteObjects: 2.209100 ms)

