Using pre-set license
Built from '2020.2/release' branch; Version is '2020.2.2f1 (068178b99f32) revision 426360'; Using compiler version '192528614'; Build Type 'Release'
OS: 'Windows 10 Home; OS build 19042.1052; Version 2009; 64bit' Language: 'en' Physical Memory: 16122 MB
BatchMode: 1, IsHumanControllingUs: 0, StartBugReporterOnCrash: 0, Is64bit: 1, IsPro: 0

 COMMAND LINE ARGUMENTS:
C:\Program Files\Unity\Hub\Editor\2020.2.2f1\Editor\Unity.exe
-adb2
-batchMode
-noUpm
-name
AssetImportWorker0
-projectPath
C:/Users/piehu/Documents/GitHub/LucasAIProject3AdvAI
-logFile
Logs/AssetImportWorker0.log
-srvPort
59252
Successfully changed project path to: C:/Users/piehu/Documents/GitHub/LucasAIProject3AdvAI
C:/Users/piehu/Documents/GitHub/LucasAIProject3AdvAI
Using Asset Import Pipeline V2.
Refreshing native plugins compatible for Editor in 46.92 ms, found 0 plugins.
Preloading 0 native plugins for Editor in 0.00 ms.
Initialize engine version: 2020.2.2f1 (068178b99f32)
[Subsystems] Discovering subsystems at path C:/Program Files/Unity/Hub/Editor/2020.2.2f1/Editor/Data/Resources/UnitySubsystems
[Subsystems] Discovering subsystems at path C:/Users/piehu/Documents/GitHub/LucasAIProject3AdvAI/Assets
GfxDevice: creating device client; threaded=0
Direct3D:
    Version:  Direct3D 11.0 [level 11.1]
    Renderer: NVIDIA GeForce GTX 1650 Ti with Max-Q Design (ID=0x1f95)
    Vendor:   
    VRAM:     3962 MB
    Driver:   27.21.14.6647
Initialize mono
Mono path[0] = 'C:/Program Files/Unity/Hub/Editor/2020.2.2f1/Editor/Data/Managed'
Mono path[1] = 'C:/Program Files/Unity/Hub/Editor/2020.2.2f1/Editor/Data/MonoBleedingEdge/lib/mono/unityjit'
Mono config path = 'C:/Program Files/Unity/Hub/Editor/2020.2.2f1/Editor/Data/MonoBleedingEdge/etc'
Using monoOptions --debugger-agent=transport=dt_socket,embedding=1,server=y,suspend=n,address=127.0.0.1:56244
Begin MonoManager ReloadAssembly
Registering precompiled unity dll's ...
Register platform support module: C:/Program Files/Unity/Hub/Editor/2020.2.2f1/Editor/Data/PlaybackEngines/WindowsStandaloneSupport/UnityEditor.WindowsStandalone.Extensions.dll
Registered in 0.001649 seconds.
Native extension for WindowsStandalone target not found
Refreshing native plugins compatible for Editor in 39.15 ms, found 0 plugins.
Preloading 0 native plugins for Editor in 0.00 ms.
Invoked RoslynAnalysisRunner static constructor.
RoslynAnalysisRunner will not be running.
RoslynAnalysisRunner has terminated.
Mono: successfully reloaded assembly
- Completed reload, in  1.103 seconds
Platform modules already initialized, skipping
Registering precompiled user dll's ...
Registered in 0.000772 seconds.
Begin MonoManager ReloadAssembly
Native extension for WindowsStandalone target not found
Refreshing native plugins compatible for Editor in 0.32 ms, found 0 plugins.
Preloading 0 native plugins for Editor in 0.00 ms.
Invoked RoslynAnalysisRunner static constructor.
RoslynAnalysisRunner will not be running.
RoslynAnalysisRunner has terminated.
Mono: successfully reloaded assembly
- Completed reload, in  0.911 seconds
Platform modules already initialized, skipping
========================================================================
Worker process is ready to serve import requests
Launched and connected shader compiler UnityShaderCompiler.exe after 0.11 seconds
Refreshing native plugins compatible for Editor in 0.37 ms, found 0 plugins.
Preloading 0 native plugins for Editor in 0.00 ms.
Unloading 1563 Unused Serialized files (Serialized files now loaded: 0)
System memory in use before: 82.1 MB.
System memory in use after: 82.1 MB.

Unloading 75 unused Assets to reduce memory usage. Loaded Objects now: 2000.
Total: 2.874100 ms (FindLiveObjects: 0.230600 ms CreateObjectMapping: 0.137700 ms MarkObjects: 2.220600 ms  DeleteObjects: 0.283800 ms)

========================================================================
Received Import Request.
  path: Assets/unity-chan!
  artifactKey: Guid(eae4815eab277ed48aa4e0f837a5eb5e) Importer(815301076,1909f56bfc062723c751e8b465ee728b)
Start importing Assets/unity-chan! using Guid(eae4815eab277ed48aa4e0f837a5eb5e) Importer(815301076,1909f56bfc062723c751e8b465ee728b)  -> (artifact id: 'fc1384cb6ec20d18a974e673a72ceee5') in 0.010861 seconds
  Import took 0.014101 seconds .

========================================================================
Received Import Request.
  Time since last request: 11.294767 seconds.
  path: Assets/Designing AI/Scenes/Game
  artifactKey: Guid(727226026d4ec0a439d19d10da43f799) Importer(815301076,1909f56bfc062723c751e8b465ee728b)
Start importing Assets/Designing AI/Scenes/Game using Guid(727226026d4ec0a439d19d10da43f799) Importer(815301076,1909f56bfc062723c751e8b465ee728b)  -> (artifact id: 'dd21bc16a10d3c1666ce3fd2449b5ac5') in 0.008722 seconds
  Import took 0.012116 seconds .

========================================================================
Received Import Request.
  Time since last request: 0.000588 seconds.
  path: Assets/Designing AI/Scenes/Game
  artifactKey: Guid(727226026d4ec0a439d19d10da43f799) Importer(815301076,1909f56bfc062723c751e8b465ee728b)
Start importing Assets/Designing AI/Scenes/Game using Guid(727226026d4ec0a439d19d10da43f799) Importer(815301076,1909f56bfc062723c751e8b465ee728b)  -> (artifact id: 'dd21bc16a10d3c1666ce3fd2449b5ac5') in 0.002795 seconds
  Import took 0.006469 seconds .

========================================================================
Received Import Request.
  Time since last request: 0.062466 seconds.
  path: Assets/Designing AI/Scenes/Game/NavMesh-Elf Surfaces.asset
  artifactKey: Guid(802b303c25deccc4fb962a25e831cd2b) Importer(815301076,1909f56bfc062723c751e8b465ee728b)
Start importing Assets/Designing AI/Scenes/Game/NavMesh-Elf Surfaces.asset using Guid(802b303c25deccc4fb962a25e831cd2b) Importer(815301076,1909f56bfc062723c751e8b465ee728b)  -> (artifact id: 'a4754bd18a65edf0b9304a8eaa86d22f') in 0.027108 seconds
  Import took 0.030813 seconds .

========================================================================
Received Import Request.
  Time since last request: 0.000212 seconds.
  path: Assets/Designing AI/Scenes/Game/NavMesh-Human Surfaces.asset
  artifactKey: Guid(28abec99582c0774aad7c0a1d54f8a28) Importer(815301076,1909f56bfc062723c751e8b465ee728b)
Start importing Assets/Designing AI/Scenes/Game/NavMesh-Human Surfaces.asset using Guid(28abec99582c0774aad7c0a1d54f8a28) Importer(815301076,1909f56bfc062723c751e8b465ee728b)  -> (artifact id: '12e8e24d4b892352658e65e842114a0e') in 0.010253 seconds
  Import took 0.014810 seconds .

========================================================================
Received Import Request.
  Time since last request: 0.000314 seconds.
  path: Assets/Designing AI/Scenes/Game/NavMesh-Waterwalker Surfaces.asset
  artifactKey: Guid(3e034faf670e0a643a74c4e8d0812059) Importer(815301076,1909f56bfc062723c751e8b465ee728b)
Start importing Assets/Designing AI/Scenes/Game/NavMesh-Waterwalker Surfaces.asset using Guid(3e034faf670e0a643a74c4e8d0812059) Importer(815301076,1909f56bfc062723c751e8b465ee728b)  -> (artifact id: 'bc2a235e14041590329a79f2717bd359') in 0.011997 seconds
  Import took 0.015871 seconds .

========================================================================
Received Import Request.
  Time since last request: 110.003709 seconds.
  path: Assets/Designing AI/Prefabs
  artifactKey: Guid(430b82c683d8d7d408f5b5405bf6774a) Importer(815301076,1909f56bfc062723c751e8b465ee728b)
Start importing Assets/Designing AI/Prefabs using Guid(430b82c683d8d7d408f5b5405bf6774a) Importer(815301076,1909f56bfc062723c751e8b465ee728b)  -> (artifact id: '629a181d292f0ba801d4be5eddf64037') in 0.008531 seconds
  Import took 0.011915 seconds .

========================================================================
Received Import Request.
  Time since last request: 0.001015 seconds.
  path: Assets/Designing AI/Prefabs
  artifactKey: Guid(430b82c683d8d7d408f5b5405bf6774a) Importer(815301076,1909f56bfc062723c751e8b465ee728b)
Start importing Assets/Designing AI/Prefabs using Guid(430b82c683d8d7d408f5b5405bf6774a) Importer(815301076,1909f56bfc062723c751e8b465ee728b)  -> (artifact id: '629a181d292f0ba801d4be5eddf64037') in 0.003629 seconds
  Import took 0.007471 seconds .

========================================================================
Received Import Request.
  Time since last request: 0.069589 seconds.
  path: Assets/Designing AI/Prefabs/Blue Door Switch.prefab
  artifactKey: Guid(eec3dd79c70dc354ba3fb43c28467624) Importer(815301076,1909f56bfc062723c751e8b465ee728b)
Start importing Assets/Designing AI/Prefabs/Blue Door Switch.prefab using Guid(eec3dd79c70dc354ba3fb43c28467624) Importer(815301076,1909f56bfc062723c751e8b465ee728b)  -> (artifact id: 'd639c669316990b91aa80658a544ed6c') in 0.096749 seconds
  Import took 0.100578 seconds .

========================================================================
Received Import Request.
  Time since last request: 0.000270 seconds.
  path: Assets/Designing AI/Prefabs/Coin.prefab
  artifactKey: Guid(022d38b8d6090f54487fd506748946f3) Importer(815301076,1909f56bfc062723c751e8b465ee728b)
Start importing Assets/Designing AI/Prefabs/Coin.prefab using Guid(022d38b8d6090f54487fd506748946f3) Importer(815301076,1909f56bfc062723c751e8b465ee728b)  -> (artifact id: '215e254a297c06c3596018758c8d8dfa') in 0.021567 seconds
  Import took 0.026168 seconds .

========================================================================
Received Import Request.
  Time since last request: 0.000246 seconds.
  path: Assets/Designing AI/Prefabs/Bridge.prefab
  artifactKey: Guid(41591441bd1ac4d49ac298eb8b4d00bb) Importer(815301076,1909f56bfc062723c751e8b465ee728b)
Start importing Assets/Designing AI/Prefabs/Bridge.prefab using Guid(41591441bd1ac4d49ac298eb8b4d00bb) Importer(815301076,1909f56bfc062723c751e8b465ee728b)  -> (artifact id: '1c3a2169d78deea3079b2e5b3c608dba') in 0.032659 seconds
  Import took 0.036654 seconds .

========================================================================
Received Import Request.
  Time since last request: 0.000268 seconds.
  path: Assets/Designing AI/Prefabs/Red Door Switch.prefab
  artifactKey: Guid(e7eca9858a1595443ab19e23ce0321a1) Importer(815301076,1909f56bfc062723c751e8b465ee728b)
Start importing Assets/Designing AI/Prefabs/Red Door Switch.prefab using Guid(e7eca9858a1595443ab19e23ce0321a1) Importer(815301076,1909f56bfc062723c751e8b465ee728b)  -> (artifact id: 'd4a48395a23d02b384f84ff534792deb') in 0.019449 seconds
  Import took 0.023755 seconds .

========================================================================
Received Prepare
Registering precompiled user dll's ...
Registered in 0.002364 seconds.
Begin MonoManager ReloadAssembly
Native extension for WindowsStandalone target not found
Refreshing native plugins compatible for Editor in 0.44 ms, found 0 plugins.
Preloading 0 native plugins for Editor in 0.00 ms.
Warning: Annotation not found!
UnityEngine.StackTraceUtility:ExtractStackTrace ()
UnityEditor.ProBuilder.EditorUtility:SetGizmoIconEnabled (System.Type,bool) (at Library/PackageCache/com.unity.probuilder@4.4.0/Editor/EditorCore/EditorUtility.cs:593)
UnityEditor.ProBuilder.HierarchyListener:.cctor () (at Library/PackageCache/com.unity.probuilder@4.4.0/Editor/EditorCore/HierarchyListener.cs:21)
System.Runtime.CompilerServices.RuntimeHelpers:RunClassConstructor (System.RuntimeTypeHandle)
UnityEditor.EditorAssemblies:ProcessInitializeOnLoadAttributes (System.Type[])

[Library/PackageCache/com.unity.probuilder@4.4.0/Editor/EditorCore/EditorUtility.cs line 593]

Invoked RoslynAnalysisRunner static constructor.
RoslynAnalysisRunner will not be running.
RoslynAnalysisRunner has terminated.
Mono: successfully reloaded assembly
- Completed reload, in  1.805 seconds
Platform modules already initialized, skipping
Refreshing native plugins compatible for Editor in 0.57 ms, found 0 plugins.
Preloading 0 native plugins for Editor in 0.00 ms.
Unloading 1503 Unused Serialized files (Serialized files now loaded: 0)
System memory in use before: 81.2 MB.
System memory in use after: 81.3 MB.

Unloading 7 unused Assets to reduce memory usage. Loaded Objects now: 2010.
Total: 3.118200 ms (FindLiveObjects: 0.253500 ms CreateObjectMapping: 0.062400 ms MarkObjects: 2.623300 ms  DeleteObjects: 0.177000 ms)

AssetImportWorkerClient::OnTransportError - code=2 error=End of file
